<?xml version="1.0" encoding="UTF-8"?>
<!-- Generated by org.testng.reporters.JUnitReportReporter -->
<testsuite skipped="0" hostname="DESKTOP-J6VBNPM" name="TestJavaScriptAlerts" tests="1" failures="0" timestamp="12 Jun 2017 03:34:02 GMT" time="0.107" errors="0">
  <testcase name="checkJSPrompt" time="0.107" classname="TestJavaScriptAlerts"/>
</testsuite> <!-- TestJavaScriptAlerts -->
