<?xml version="1.0" encoding="UTF-8"?>
<!-- Generated by org.testng.reporters.JUnitReportReporter -->
<testsuite skipped="0" hostname="DESKTOP-J6VBNPM" name="TestInterests" tests="16" failures="0" timestamp="09 Jun 2017 10:17:20 GMT" time="0.347" errors="0">
  <testcase name="LabelInterestsIsSelected" time="0.015" classname="TestInterests"/>
  <testcase name="InterestDesignClick" time="0.050" classname="TestInterests"/>
  <testcase name="LabelInterestsIsDisplay" time="0.017" classname="TestInterests"/>
  <testcase name="InterestDevClick" time="0.054" classname="TestInterests"/>
  <testcase name="InterestDevIsDisplay" time="0.019" classname="TestInterests"/>
  <testcase name="DisplayLabelInterests" time="0.027" classname="TestInterests"/>
  <testcase name="InterestDevIsSelected" time="0.012" classname="TestInterests"/>
  <testcase name="InterestOtherIsDisplay" time="0.020" classname="TestInterests"/>
  <testcase name="InterestDesignIsEnable" time="0.014" classname="TestInterests"/>
  <testcase name="InterestDevIsEnable" time="0.013" classname="TestInterests"/>
  <testcase name="InterestDesignIsDisplay" time="0.020" classname="TestInterests"/>
  <testcase name="InterestOtherIsEnable" time="0.015" classname="TestInterests"/>
  <testcase name="LabelInterestsIsEnable" time="0.000" classname="TestInterests"/>
  <testcase name="InterestDesignIsSelected" time="0.009" classname="TestInterests"/>
  <testcase name="InterestOtherClick" time="0.046" classname="TestInterests"/>
  <testcase name="InterestOtherIsSelected" time="0.016" classname="TestInterests"/>
</testsuite> <!-- TestInterests -->
