<?xml version="1.0" encoding="UTF-8"?>
<!-- Generated by org.testng.reporters.JUnitReportReporter -->
<testsuite skipped="0" hostname="DESKTOP-J6VBNPM" name="TestJob02" tests="7" failures="0" timestamp="09 Jun 2017 09:59:06 GMT" time="0.125" errors="0">
  <testcase name="LabelJob02IsDisplay" time="0.017" classname="TestJob02"/>
  <testcase name="LabelJob02IsSelected" time="0.014" classname="TestJob02"/>
  <testcase name="DropdownListJob02IsEnable" time="0.017" classname="TestJob02"/>
  <testcase name="DropdownListJob02IsDisplay" time="0.019" classname="TestJob02"/>
  <testcase name="DropdownListJob02IsSelected" time="0.015" classname="TestJob02"/>
  <testcase name="DisplayLabelJob02" time="0.030" classname="TestJob02"/>
  <testcase name="LabelJob02IsEnable" time="0.013" classname="TestJob02"/>
</testsuite> <!-- TestJob02 -->
