<?xml version="1.0" encoding="UTF-8"?>
<!-- Generated by org.testng.reporters.JUnitReportReporter -->
<testsuite skipped="0" hostname="DESKTOP-J6VBNPM" name="TestWindow" tests="1" failures="0" timestamp="12 Jun 2017 02:03:22 GMT" time="0.169" errors="0">
  <testcase name="clickHere" time="0.169" classname="TestWindow"/>
</testsuite> <!-- TestWindow -->
