<?xml version="1.0" encoding="UTF-8"?>
<!-- Generated by org.testng.reporters.JUnitReportReporter -->
<testsuite skipped="0" hostname="DESKTOP-J6VBNPM" name="TestEducation" tests="8" failures="0" timestamp="09 Jun 2017 09:32:16 GMT" time="0.197" errors="0">
  <testcase name="DisplayLabelEducation" time="0.028" classname="TestEducation"/>
  <testcase name="LabelEducationIsSelected" time="0.015" classname="TestEducation"/>
  <testcase name="EducationIsEnable" time="0.015" classname="TestEducation"/>
  <testcase name="EducationIsSelected" time="0.014" classname="TestEducation"/>
  <testcase name="LabelEducationIsEnable" time="0.015" classname="TestEducation"/>
  <testcase name="LabelEducationIsDisplay" time="0.018" classname="TestEducation"/>
  <testcase name="EducationIsDisplay" time="0.024" classname="TestEducation"/>
  <testcase name="InputEducation" time="0.068" classname="TestEducation"/>
</testsuite> <!-- TestEducation -->
