<?xml version="1.0" encoding="UTF-8"?>
<!-- Generated by org.testng.reporters.JUnitReportReporter -->
<testsuite skipped="0" hostname="DESKTOP-J6VBNPM" name="TestTable" tests="1" failures="0" timestamp="12 Jun 2017 01:58:00 GMT" time="10.028" errors="0">
  <testcase name="AccessLinkElementIsDisplay" time="10.028" classname="TestTable"/>
</testsuite> <!-- TestTable -->
