<?xml version="1.0" encoding="UTF-8"?>
<!-- Generated by org.testng.reporters.JUnitReportReporter -->
<testsuite skipped="0" hostname="DESKTOP-J6VBNPM" name="TestSlider01" tests="3" failures="0" timestamp="09 Jun 2017 08:15:00 GMT" time="0.063" errors="0">
  <testcase name="Slide01IsSelected" time="0.019" classname="TestSlider01"/>
  <testcase name="Slide01IsEnable" time="0.015" classname="TestSlider01"/>
  <testcase name="Slide01IsDisplay" time="0.029" classname="TestSlider01"/>
</testsuite> <!-- TestSlider01 -->
