<?xml version="1.0" encoding="UTF-8"?>
<!-- Generated by org.testng.reporters.JUnitReportReporter -->
<testsuite skipped="0" hostname="DESKTOP-J6VBNPM" name="TestSlider02" tests="3" failures="0" timestamp="09 Jun 2017 07:16:51 GMT" time="0.061" errors="0">
  <testcase name="Slide02IsSelected" time="0.017" classname="TestSlider02"/>
  <testcase name="Slide02IsEnable" time="0.016" classname="TestSlider02"/>
  <testcase name="Slide02IsDisplay" time="0.028" classname="TestSlider02"/>
</testsuite> <!-- TestSlider02 -->
