<?xml version="1.0" encoding="UTF-8"?>
<!-- Generated by org.testng.reporters.JUnitReportReporter -->
<testsuite skipped="0" hostname="DESKTOP-J6VBNPM" name="TestEmail" tests="8" failures="0" timestamp="09 Jun 2017 09:27:28 GMT" time="0.189" errors="0">
  <testcase name="LabelEmailIsSelected" time="0.015" classname="TestEmail"/>
  <testcase name="TextboxEmailIsEnable" time="0.007" classname="TestEmail"/>
  <testcase name="LabelEmailIsEnable" time="0.015" classname="TestEmail"/>
  <testcase name="DisplayLabelEmail" time="0.028" classname="TestEmail"/>
  <testcase name="InputTextboxEmail" time="0.073" classname="TestEmail"/>
  <testcase name="LabelEmailIsDisplay" time="0.018" classname="TestEmail"/>
  <testcase name="TextboxEmailIsDisplay" time="0.018" classname="TestEmail"/>
  <testcase name="TextboxEmailIsSelected" time="0.015" classname="TestEmail"/>
</testsuite> <!-- TestEmail -->
