<?xml version="1.0" encoding="UTF-8"?>
<!-- Generated by org.testng.reporters.JUnitReportReporter -->
<testsuite skipped="0" hostname="DESKTOP-J6VBNPM" name="TestJob01" tests="11" failures="0" timestamp="09 Jun 2017 10:07:49 GMT" time="0.929" errors="0">
  <testcase name="Job01DropdownList" time="0.797" classname="TestJob01"/>
  <testcase name="Job01_option1IsEnable" time="0.016" classname="TestJob01"/>
  <testcase name="DropdownListJob01IsDisplay" time="0.016" classname="TestJob01"/>
  <testcase name="DropdownListJob01IsSelected" time="0.016" classname="TestJob01"/>
  <testcase name="LabelJob01IsEnable" time="0.016" classname="TestJob01"/>
  <testcase name="Job01_option1IsDisplay" time="0.000" classname="TestJob01"/>
  <testcase name="DisplayLabelJob01" time="0.021" classname="TestJob01"/>
  <testcase name="DropdownListJob01IsEnable" time="0.001" classname="TestJob01"/>
  <testcase name="LabelJob01IsSelected" time="0.015" classname="TestJob01"/>
  <testcase name="LabelJob01IsDisplay" time="0.031" classname="TestJob01"/>
  <testcase name="Job01_option1IsSelected" time="0.000" classname="TestJob01"/>
</testsuite> <!-- TestJob01 -->
