<?xml version="1.0" encoding="UTF-8"?>
<!-- Generated by org.testng.reporters.JUnitReportReporter -->
<testsuite skipped="0" hostname="DESKTOP-J6VBNPM" name="TestAge" tests="19" failures="0" timestamp="14 Jun 2017 10:51:11 GMT" time="0.439" errors="0">
  <testcase name="RadioIsEnable_3" time="0.013" classname="TestAge"/>
  <testcase name="DisplayLabelAge_1" time="0.021" classname="TestAge"/>
  <testcase name="RadioIsEnable_1" time="0.013" classname="TestAge"/>
  <testcase name="RadioAgeIsEnable" time="0.019" classname="TestAge"/>
  <testcase name="RadioAgeIsSelected" time="0.016" classname="TestAge"/>
  <testcase name="DisplayLabelAge" time="0.047" classname="TestAge"/>
  <testcase name="RadioClick_2" time="0.048" classname="TestAge"/>
  <testcase name="RadioIsDisplay_1" time="0.019" classname="TestAge"/>
  <testcase name="RadioIsSelected_1" time="0.013" classname="TestAge"/>
  <testcase name="DisplayLabelAge_3" time="0.020" classname="TestAge"/>
  <testcase name="RadioClick_1" time="0.049" classname="TestAge"/>
  <testcase name="DisplayLabelAge_2" time="0.020" classname="TestAge"/>
  <testcase name="RadioIsDisplay_2" time="0.018" classname="TestAge"/>
  <testcase name="RadioIsEnable_2" time="0.016" classname="TestAge"/>
  <testcase name="RadioAgeIsDisplay" time="0.018" classname="TestAge"/>
  <testcase name="RadioClick_3" time="0.044" classname="TestAge"/>
  <testcase name="RadioIsDisplay_3" time="0.018" classname="TestAge"/>
  <testcase name="RadioIsSelected_2" time="0.014" classname="TestAge"/>
  <testcase name="RadioIsSelected_3" time="0.013" classname="TestAge"/>
</testsuite> <!-- TestAge -->
