<?xml version="1.0" encoding="UTF-8"?>
<!-- Generated by org.testng.reporters.JUnitReportReporter -->
<testsuite skipped="0" hostname="DESKTOP-J6VBNPM" name="TestButton02" tests="4" failures="0" timestamp="09 Jun 2017 04:42:38 GMT" time="0.980" errors="0">
  <testcase name="SubmitButton1" time="0.921" classname="TestButton02"/>
  <testcase name="Button2IsDisplay" time="0.024" classname="TestButton02"/>
  <testcase name="Button2IsSelected" time="0.019" classname="TestButton02"/>
  <testcase name="Button2IsEnable" time="0.016" classname="TestButton02"/>
</testsuite> <!-- TestButton02 -->
