<?xml version="1.0" encoding="UTF-8"?>
<!-- Generated by org.testng.reporters.JUnitReportReporter -->
<testsuite skipped="0" hostname="DESKTOP-J6VBNPM" name="TestHover" tests="1" failures="0" timestamp="12 Jun 2017 03:48:39 GMT" time="0.148" errors="0">
  <testcase name="checkHover" time="0.148" classname="TestHover"/>
</testsuite> <!-- TestHover -->
