<?xml version="1.0" encoding="UTF-8"?>
<!-- Generated by org.testng.reporters.JUnitReportReporter -->
<testsuite skipped="0" hostname="DESKTOP-J6VBNPM" name="TestFile" tests="1" failures="0" timestamp="12 Jun 2017 02:22:23 GMT" time="0.032" errors="0">
  <testcase name="checkDownload" time="0.032" classname="TestFile"/>
</testsuite> <!-- TestFile -->
